Build started 11.03.2018 19:13:29.
     1>Project "C:\Users\USER\Desktop\Everything\Projeler\OrbitalRun\OrbitalRun\OrbitalRun\OrbitalRun.vcxproj" on node 2 (Build target(s)).
     1>ClCompile:
         C:\Program Files (x86)\Microsoft Visual Studio 12.0\VC\bin\CL.exe /c /AI"C:\Program Files (x86)\Reference Assemblies\Microsoft\Framework\.NETFramework\v4.5\\" /AI"C:\Program Files (x86)\Windows Kits\8.1\References\CommonConfiguration\Neutral" /AI"C:\Program Files (x86)\Reference Assemblies\Microsoft\Framework\.NETFramework\v4.5\Facades\\" /Zi /clr /nologo /W3 /WX- /Od /Oy- /D "WIN32" /D _DEBUG /D "_UNICODE" /D "UNICODE" /EHa /MDd /GS /fp:precise /Zc:wchar_t /Zc:forScope /Fo"Debug\\" /Fd"Debug\vc120.pdb" /TP /FU"C:\Program Files (x86)\Reference Assemblies\Microsoft\Framework\.NETFramework\v4.5\mscorlib.dll" /FU"C:\Program Files (x86)\Reference Assemblies\Microsoft\Framework\.NETFramework\v4.5\System.Data.dll" /FU"C:\Program Files (x86)\Reference Assemblies\Microsoft\Framework\.NETFramework\v4.5\System.dll" /FU"C:\Program Files (x86)\Reference Assemblies\Microsoft\Framework\.NETFramework\v4.5\System.Drawing.dll" /FU"C:\Program Files (x86)\Reference Assemblies\Microsoft\Framework\.NETFramework\v4.5\System.Windows.Forms.dll" /FU"C:\Program Files (x86)\Reference Assemblies\Microsoft\Framework\.NETFramework\v4.5\System.Xml.dll" /analyze- /errorReport:prompt /clr:nostdlib Game.cpp "OyunaBaşla.cpp"
         Game.cpp
     1>c:\users\user\desktop\everything\projeler\orbitalrun\orbitalrun\orbitalrun\Orbitron.h(1): warning C4067: unexpected tokens following preprocessor directive - expected a newline
     1>c:\users\user\desktop\everything\projeler\orbitalrun\orbitalrun\orbitalrun\Parametre.h(16): warning C4244: '=' : conversion from 'double' to 'int', possible loss of data
     1>c:\users\user\desktop\everything\projeler\orbitalrun\orbitalrun\orbitalrun\OyunModel.h(81): warning C4244: '=' : conversion from 'double' to 'int', possible loss of data
     1>c:\users\user\desktop\everything\projeler\orbitalrun\orbitalrun\orbitalrun\Rocket.h(1): warning C4067: unexpected tokens following preprocessor directive - expected a newline
     1>Game.cpp(9): warning C4829: Possibly incorrect parameters to function main. Consider 'int main(Platform::Array<Platform::String^>^ argv)'
         OyunaBaşla.cpp
     1>c:\users\user\desktop\everything\projeler\orbitalrun\orbitalrun\orbitalrun\Parametre.h(16): warning C4244: '=' : conversion from 'double' to 'int', possible loss of data
     1>c:\users\user\desktop\everything\projeler\orbitalrun\orbitalrun\orbitalrun\Orbitron.h(1): warning C4067: unexpected tokens following preprocessor directive - expected a newline
     1>c:\users\user\desktop\everything\projeler\orbitalrun\orbitalrun\orbitalrun\OyunModel.h(81): warning C4244: '=' : conversion from 'double' to 'int', possible loss of data
     1>c:\users\user\desktop\everything\projeler\orbitalrun\orbitalrun\orbitalrun\Rocket.h(1): warning C4067: unexpected tokens following preprocessor directive - expected a newline
     1>c:\users\user\desktop\everything\projeler\orbitalrun\orbitalrun\orbitalrun\OyunModel.h(9): error C2011: 'OyunModel' : 'class' type redefinition
                 c:\users\user\desktop\everything\projeler\orbitalrun\orbitalrun\orbitalrun\OyunModel.h(9) : see declaration of 'OyunModel'
     1>c:\users\user\desktop\everything\projeler\orbitalrun\orbitalrun\orbitalrun\Orbitron.h(8): error C2011: 'Orbitron' : 'class' type redefinition
                 c:\users\user\desktop\everything\projeler\orbitalrun\orbitalrun\orbitalrun\Orbitron.h(8) : see declaration of 'Orbitron'
         Generating Code...
     1>Done Building Project "C:\Users\USER\Desktop\Everything\Projeler\OrbitalRun\OrbitalRun\OrbitalRun\OrbitalRun.vcxproj" (Build target(s)) -- FAILED.

Build FAILED.

Time Elapsed 00:00:01.09
